<?xml version="1.0" encoding="utf-8"?><testsuites name="pytest tests"><testsuite name="pytest" errors="0" failures="0" skipped="0" tests="18" time="1.727" timestamp="2026-02-11T00:03:36.138437+00:00" hostname="agent-env-c6abe1ab-7513-49fc-acd1-cf4e72add72c"><testcase classname="backend.tests.test_quotes.TestQuotesAPI" name="test_create_quote_success" time="0.114" /><testcase classname="backend.tests.test_quotes.TestQuotesAPI" name="test_create_quote_round_trip" time="0.087" /><testcase classname="backend.tests.test_quotes.TestQuotesAPI" name="test_create_quote_minimal_fields" time="0.117" /><testcase classname="backend.tests.test_quotes.TestQuotesAPI" name="test_get_all_quotes" time="0.038" /><testcase classname="backend.tests.test_quotes.TestQuotesAPI" name="test_get_all_quotes_returns_existing_test_quote" time="0.036" /><testcase classname="backend.tests.test_quotes.TestQuotesAPI" name="test_get_single_quote_success" time="0.113" /><testcase classname="backend.tests.test_quotes.TestQuotesAPI" name="test_get_single_quote_not_found" time="0.037" /><testcase classname="backend.tests.test_quotes.TestQuotesAPI" name="test_update_quote_status_to_responded" time="0.144" /><testcase classname="backend.tests.test_quotes.TestQuotesAPI" name="test_update_quote_status_to_converted" time="0.148" /><testcase classname="backend.tests.test_quotes.TestQuotesAPI" name="test_update_quote_status_to_closed" time="0.152" /><testcase classname="backend.tests.test_quotes.TestQuotesAPI" name="test_update_quote_status_with_admin_notes" time="0.151" /><testcase classname="backend.tests.test_quotes.TestQuotesAPI" name="test_update_quote_status_invalid" time="0.148" /><testcase classname="backend.tests.test_quotes.TestQuotesAPI" name="test_update_quote_status_not_found" time="0.039" /><testcase classname="backend.tests.test_quotes.TestQuotesAPI" name="test_delete_quote_success" time="0.104" /><testcase classname="backend.tests.test_quotes.TestQuotesAPI" name="test_delete_quote_not_found" time="0.033" /><testcase classname="backend.tests.test_quotes.TestQuotesAPI" name="test_quote_created_at_timestamp" time="0.080" /><testcase classname="backend.tests.test_quotes.TestAdminQuotesIntegration" name="test_admin_login" time="0.033" /><testcase classname="backend.tests.test_quotes.TestAdminQuotesIntegration" name="test_admin_login_invalid_password" time="0.035" /></testsuite></testsuites>